2022-10-17 18:44:56 base.py[line:444] INFO     Adding job tentatively -- it will be properly scheduled when the scheduler starts
2022-10-17 18:44:56 base.py[line:444] INFO     Adding job tentatively -- it will be properly scheduled when the scheduler starts
2022-10-17 18:44:56 base.py[line:885] INFO     Added job "error_job" to job store "default"
2022-10-17 18:44:56 base.py[line:885] INFO     Added job "interval_job" to job store "default"
2022-10-17 18:44:56 base.py[line:171] INFO     Scheduler started
2022-10-17 18:45:06 base.py[line:123] INFO     Running job "interval_job (trigger: interval[0:00:10], next run at: 2022-10-17 18:45:06 UTC)" (scheduled at 2022-10-17 18:45:06.561373+00:00)
2022-10-17 18:45:06 base.py[line:144] INFO     Job "interval_job (trigger: interval[0:00:10], next run at: 2022-10-17 18:45:16 UTC)" executed successfully
2022-10-17 18:45:11 base.py[line:123] INFO     Running job "error_job (trigger: date[2022-10-17 18:44:56 UTC], next run at: 2022-10-17 18:45:11 UTC)" (scheduled at 2022-10-17 18:45:11.479436+00:00)
2022-10-17 18:45:11 base.py[line:131] ERROR    Job "error_job (trigger: date[2022-10-17 18:44:56 UTC], next run at: 2022-10-17 18:45:11 UTC)" raised an exception
Traceback (most recent call last):
  File "/home/ubuntu/miniconda3/envs/scheduler/lib/python3.7/site-packages/apscheduler/executors/base.py", line 125, in run_job
    retval = job.func(*job.args, **job.kwargs)
  File "../../apscheduler/example.py", line 22, in error_job
    print(1/0)
ZeroDivisionError: division by zero
2022-10-17 18:45:11 base.py[line:631] INFO     Removed job error_job
2022-10-17 18:45:16 base.py[line:123] INFO     Running job "interval_job (trigger: interval[0:00:10], next run at: 2022-10-17 18:45:16 UTC)" (scheduled at 2022-10-17 18:45:16.561373+00:00)
2022-10-17 18:45:16 base.py[line:144] INFO     Job "interval_job (trigger: interval[0:00:10], next run at: 2022-10-17 18:45:26 UTC)" executed successfully
2022-10-17 18:45:26 base.py[line:123] INFO     Running job "interval_job (trigger: interval[0:00:10], next run at: 2022-10-17 18:45:26 UTC)" (scheduled at 2022-10-17 18:45:26.561373+00:00)
2022-10-17 18:45:26 base.py[line:144] INFO     Job "interval_job (trigger: interval[0:00:10], next run at: 2022-10-17 18:45:36 UTC)" executed successfully
2022-10-17 18:45:36 base.py[line:123] INFO     Running job "interval_job (trigger: interval[0:00:10], next run at: 2022-10-17 18:45:36 UTC)" (scheduled at 2022-10-17 18:45:36.561373+00:00)
2022-10-17 18:45:36 base.py[line:144] INFO     Job "interval_job (trigger: interval[0:00:10], next run at: 2022-10-17 18:45:46 UTC)" executed successfully
